<?xml version="1.0" encoding="UTF-8"?>
<robot generator="Robot 7.1.1 (Python 3.10.2 on win32)" generated="2024-11-18T02:48:43.637887" rpa="false" schemaversion="5">
<suite id="s1" name="Add To Cart" source="C:\Users\visha\PycharmProjects\PythonRobotFramework_POM\TestCases\Add To Cart.robot">
<test id="s1-t1" name="Add Product To Cart" line="13">
<kw name="Open My Browser" owner="LoginKeywords">
<kw name="Open Browser" owner="SeleniumLibrary">
<msg time="2024-11-18T02:48:43.877936" level="INFO">Opening browser 'chrome' to base url 'https://www.saucedemo.com/v1/index.html'.</msg>
<arg>${url}</arg>
<arg>${browser}</arg>
<doc>Opens a new browser instance to the optional ``url``.</doc>
<status status="PASS" start="2024-11-18T02:48:43.877936" elapsed="2.430080"/>
</kw>
<kw name="Maximize Browser Window" owner="SeleniumLibrary">
<doc>Maximizes current browser window.</doc>
<status status="PASS" start="2024-11-18T02:48:46.309011" elapsed="0.065516"/>
</kw>
<arg>${url}</arg>
<arg>${browser}</arg>
<status status="PASS" start="2024-11-18T02:48:43.877936" elapsed="2.496591"/>
</kw>
<kw name="Input Username" owner="LoginKeywords">
<kw name="Input Text" owner="SeleniumLibrary">
<msg time="2024-11-18T02:48:46.377551" level="INFO">Typing text 'standard_user' into text field 'name:user-name'.</msg>
<arg>${txt_LoginUsername}</arg>
<arg>${username}</arg>
<doc>Types the given ``text`` into the text field identified by ``locator``.</doc>
<status status="PASS" start="2024-11-18T02:48:46.376539" elapsed="0.174994"/>
</kw>
<arg>${username}</arg>
<status status="PASS" start="2024-11-18T02:48:46.375532" elapsed="0.177189"/>
</kw>
<kw name="Input Password" owner="LoginKeywords">
<kw name="Input Text" owner="SeleniumLibrary">
<msg time="2024-11-18T02:48:46.554722" level="INFO">Typing text 'secret_sauce' into text field 'name:password'.</msg>
<arg>${txt_LoginPassword}</arg>
<arg>${password}</arg>
<doc>Types the given ``text`` into the text field identified by ``locator``.</doc>
<status status="PASS" start="2024-11-18T02:48:46.553721" elapsed="0.103093"/>
</kw>
<arg>${password}</arg>
<status status="PASS" start="2024-11-18T02:48:46.552721" elapsed="0.104093"/>
</kw>
<kw name="Click Login Button" owner="LoginKeywords">
<kw name="Click Element" owner="SeleniumLibrary">
<msg time="2024-11-18T02:48:46.657814" level="INFO">Clicking element 'xpath://input[@id='login-button']'.</msg>
<arg>${txt_LoginButton}</arg>
<doc>Click the element identified by ``locator``.</doc>
<status status="PASS" start="2024-11-18T02:48:46.656814" elapsed="1.662758"/>
</kw>
<status status="PASS" start="2024-11-18T02:48:46.656814" elapsed="1.662758"/>
</kw>
<kw name="Sleep" owner="BuiltIn">
<msg time="2024-11-18T02:48:50.327711" level="INFO">Slept 2 seconds.</msg>
<arg>2</arg>
<doc>Pauses the test executed for the given time.</doc>
<status status="PASS" start="2024-11-18T02:48:48.319572" elapsed="2.008139"/>
</kw>
<kw name="Add To Cart" owner="ProductKeywords">
<kw name="Click Element" owner="SeleniumLibrary">
<msg time="2024-11-18T02:48:50.327711" level="INFO">Clicking element 'xpath:(//button[@class='btn_primary btn_inventory'])[1]'.</msg>
<arg>${txt_addtocart}</arg>
<doc>Click the element identified by ``locator``.</doc>
<status status="PASS" start="2024-11-18T02:48:50.327711" elapsed="0.242761"/>
</kw>
<status status="PASS" start="2024-11-18T02:48:50.327711" elapsed="0.242761"/>
</kw>
<kw name="Cart Count" owner="ProductKeywords">
<kw name="Get Element Count" owner="SeleniumLibrary">
<msg time="2024-11-18T02:48:50.590620" level="INFO">${count} = 1</msg>
<var>${count}</var>
<arg>${txt_cartcount}</arg>
<doc>Returns the number of elements matching ``locator``.</doc>
<status status="PASS" start="2024-11-18T02:48:50.570472" elapsed="0.020148"/>
</kw>
<kw name="Log To Console" owner="BuiltIn">
<arg>${count}</arg>
<doc>Logs the given message to the console.</doc>
<status status="PASS" start="2024-11-18T02:48:50.591626" elapsed="0.000000"/>
</kw>
<return>
<value>${count}</value>
<status status="PASS" start="2024-11-18T02:48:50.591626" elapsed="0.001009"/>
</return>
<status status="PASS" start="2024-11-18T02:48:50.570472" elapsed="0.022163"/>
</kw>
<status status="PASS" start="2024-11-18T02:48:43.877936" elapsed="6.714699"/>
</test>
<test id="s1-t2" name="Open Product Details" line="22">
<kw name="Open My Browser" owner="LoginKeywords">
<kw name="Open Browser" owner="SeleniumLibrary">
<msg time="2024-11-18T02:48:50.594981" level="INFO">Opening browser 'chrome' to base url 'https://www.saucedemo.com/v1/index.html'.</msg>
<arg>${url}</arg>
<arg>${browser}</arg>
<doc>Opens a new browser instance to the optional ``url``.</doc>
<status status="PASS" start="2024-11-18T02:48:50.594981" elapsed="1.642100"/>
</kw>
<kw name="Maximize Browser Window" owner="SeleniumLibrary">
<doc>Maximizes current browser window.</doc>
<status status="PASS" start="2024-11-18T02:48:52.237081" elapsed="0.027601"/>
</kw>
<arg>${url}</arg>
<arg>${browser}</arg>
<status status="PASS" start="2024-11-18T02:48:50.593978" elapsed="1.670704"/>
</kw>
<kw name="Input Username" owner="LoginKeywords">
<kw name="Input Text" owner="SeleniumLibrary">
<msg time="2024-11-18T02:48:52.264682" level="INFO">Typing text 'standard_user' into text field 'name:user-name'.</msg>
<arg>${txt_LoginUsername}</arg>
<arg>${username}</arg>
<doc>Types the given ``text`` into the text field identified by ``locator``.</doc>
<status status="PASS" start="2024-11-18T02:48:52.264682" elapsed="0.183283"/>
</kw>
<arg>${username}</arg>
<status status="PASS" start="2024-11-18T02:48:52.264682" elapsed="0.183283"/>
</kw>
<kw name="Input Password" owner="LoginKeywords">
<kw name="Input Text" owner="SeleniumLibrary">
<msg time="2024-11-18T02:48:52.449969" level="INFO">Typing text 'secret_sauce' into text field 'name:password'.</msg>
<arg>${txt_LoginPassword}</arg>
<arg>${password}</arg>
<doc>Types the given ``text`` into the text field identified by ``locator``.</doc>
<status status="PASS" start="2024-11-18T02:48:52.448970" elapsed="0.098929"/>
</kw>
<arg>${password}</arg>
<status status="PASS" start="2024-11-18T02:48:52.448970" elapsed="0.098929"/>
</kw>
<kw name="Click Login Button" owner="LoginKeywords">
<kw name="Click Element" owner="SeleniumLibrary">
<msg time="2024-11-18T02:48:52.547899" level="INFO">Clicking element 'xpath://input[@id='login-button']'.</msg>
<arg>${txt_LoginButton}</arg>
<doc>Click the element identified by ``locator``.</doc>
<status status="PASS" start="2024-11-18T02:48:52.547899" elapsed="1.277651"/>
</kw>
<status status="PASS" start="2024-11-18T02:48:52.547899" elapsed="1.278657"/>
</kw>
<kw name="Click On Product" owner="ProductKeywords">
<kw name="Click Element" owner="SeleniumLibrary">
<msg time="2024-11-18T02:48:53.830554" level="INFO">Clicking element 'xpath://div[@class='inventory_item_name' and text()='Sauce Labs Backpack']'.</msg>
<arg>${txt_productLabel}</arg>
<doc>Click the element identified by ``locator``.</doc>
<status status="PASS" start="2024-11-18T02:48:53.829570" elapsed="0.325532"/>
</kw>
<status status="PASS" start="2024-11-18T02:48:53.827560" elapsed="0.328787"/>
</kw>
<kw name="Page Should Contain" owner="SeleniumLibrary">
<msg time="2024-11-18T02:48:54.183883" level="INFO">Current page contains text 'Sauce Labs Backpack'.</msg>
<arg>Sauce Labs Backpack</arg>
<doc>Verifies that current page contains ``text``.</doc>
<status status="PASS" start="2024-11-18T02:48:54.156347" elapsed="0.027536"/>
</kw>
<status status="PASS" start="2024-11-18T02:48:50.593978" elapsed="3.589905"/>
</test>
<status status="PASS" start="2024-11-18T02:48:43.647882" elapsed="10.536001"/>
</suite>
<statistics>
<total>
<stat pass="2" fail="0" skip="0">All Tests</stat>
</total>
<tag>
</tag>
<suite>
<stat pass="2" fail="0" skip="0" id="s1" name="Add To Cart">Add To Cart</stat>
</suite>
</statistics>
<errors>
</errors>
</robot>
